<?xml version="1.0" encoding="UTF-8"?>
<!-- Generated by org.testng.reporters.JUnitReportReporter -->
<testsuite hostname="ISIPL-PUNV-L078" failures="0" tests="2" name="hook.Hook" time="0.016" errors="0" timestamp="2020-12-23T11:35:11 IST" skipped="0">
  <testcase classname="hook.Hook" name="test" time="0.008"/>
  <system-out/>
  <testcase classname="hook.Hook" name="test" time="0.008"/>
  <system-out/>
</testsuite> <!-- hook.Hook -->
